<?xml version="1.0" encoding="UTF-8"?>
<testng-results skipped="0" failed="0" total="1" passed="1">
  <reporter-output>
  </reporter-output>
  <suite name="Default suite" duration-ms="38" started-at="2016-10-17T16:36:32Z" finished-at="2016-10-17T16:36:32Z">
    <groups>
    </groups>
    <test name="Default test" duration-ms="38" started-at="2016-10-17T16:36:32Z" finished-at="2016-10-17T16:36:32Z">
      <class name="hello.HelloWorldTest">
        <test-method status="PASS" signature="testGreetingMessage()[pri:0, instance:hello.HelloWorldTest@61dc03ce]" name="testGreetingMessage" duration-ms="20" started-at="2016-10-17T12:36:32Z" finished-at="2016-10-17T12:36:32Z">
          <reporter-output>
          </reporter-output>
        </test-method> <!-- testGreetingMessage -->
      </class> <!-- hello.HelloWorldTest -->
    </test> <!-- Default test -->
  </suite> <!-- Default suite -->
</testng-results>
